Set parameter TokenServer to value "license8.clemson.edu"
Set parameter IntegralityFocus to value 1
Set parameter TimeLimit to value 7200
Set parameter IntegralityFocus to value 1
Set parameter TimeLimit to value 7200
Set parameter IntegralityFocus to value 1
Set parameter TimeLimit to value 7200
Set parameter IntegralityFocus to value 1
Set parameter TimeLimit to value 7200

Net = 1, Budget = 64, Rate = 0.1


Can Only Remove Victims!

Only 1 PF Point:
PF Point (Victims, Traffickers) = (88, 17)

Set parameter IntegralityFocus to value 1
Set parameter TimeLimit to value 7200
Set parameter IntegralityFocus to value 1
Set parameter TimeLimit to value 7200
Set parameter IntegralityFocus to value 1
Set parameter TimeLimit to value 7200
Set parameter IntegralityFocus to value 1
Set parameter TimeLimit to value 7200

Net = 1, Budget = 64, Rate = 0.4


Can Only Remove Victims!

Only 1 PF Point:
PF Point (Victims, Traffickers) = (88, 17)

Set parameter IntegralityFocus to value 1
Set parameter TimeLimit to value 7200
Set parameter IntegralityFocus to value 1
Set parameter TimeLimit to value 7200
Set parameter IntegralityFocus to value 1
Set parameter TimeLimit to value 7200
Set parameter IntegralityFocus to value 1
Set parameter TimeLimit to value 7200

Net = 1, Budget = 64, Rate = 0.7


Can Only Remove Victims!

Only 1 PF Point:
PF Point (Victims, Traffickers) = (88, 17)

Set parameter IntegralityFocus to value 1
Set parameter TimeLimit to value 7200
Set parameter IntegralityFocus to value 1
Set parameter TimeLimit to value 7200
Set parameter IntegralityFocus to value 1
Set parameter TimeLimit to value 7200
Set parameter IntegralityFocus to value 1
Set parameter TimeLimit to value 7200

Net = 1, Budget = 64, Rate = 1


Can Only Remove Victims!

Only 1 PF Point:
PF Point (Victims, Traffickers) = (88, 17)

Set parameter IntegralityFocus to value 1
Set parameter TimeLimit to value 7200
Set parameter IntegralityFocus to value 1
Set parameter TimeLimit to value 7200
Set parameter IntegralityFocus to value 1
Set parameter TimeLimit to value 7200
Set parameter IntegralityFocus to value 1
Set parameter TimeLimit to value 7200

Net = 1, Budget = 72, Rate = 0.1


Can Only Remove Victims!

Only 1 PF Point:
PF Point (Victims, Traffickers) = (84, 17)

Set parameter IntegralityFocus to value 1
Set parameter TimeLimit to value 7200
Set parameter IntegralityFocus to value 1
Set parameter TimeLimit to value 7200
Set parameter IntegralityFocus to value 1
Set parameter TimeLimit to value 7200
Set parameter IntegralityFocus to value 1
Set parameter TimeLimit to value 7200

Net = 1, Budget = 72, Rate = 0.4


Can Only Remove Victims!

Only 1 PF Point:
PF Point (Victims, Traffickers) = (84, 17)

Set parameter IntegralityFocus to value 1
Set parameter TimeLimit to value 7200
Set parameter IntegralityFocus to value 1
Set parameter TimeLimit to value 7200
Set parameter IntegralityFocus to value 1
Set parameter TimeLimit to value 7200
Set parameter IntegralityFocus to value 1
Set parameter TimeLimit to value 7200

Net = 1, Budget = 72, Rate = 0.7


Can Only Remove Victims!

Only 1 PF Point:
PF Point (Victims, Traffickers) = (84, 17)

Set parameter IntegralityFocus to value 1
Set parameter TimeLimit to value 7200
Set parameter IntegralityFocus to value 1
Set parameter TimeLimit to value 7200
Set parameter IntegralityFocus to value 1
Set parameter TimeLimit to value 7200
Set parameter IntegralityFocus to value 1
Set parameter TimeLimit to value 7200

Net = 1, Budget = 72, Rate = 1


Can Only Remove Victims!

Only 1 PF Point:
PF Point (Victims, Traffickers) = (84, 17)

Set parameter IntegralityFocus to value 1
Set parameter TimeLimit to value 7200
Set parameter IntegralityFocus to value 1
Set parameter TimeLimit to value 7200
Set parameter IntegralityFocus to value 1
Set parameter TimeLimit to value 7200
Set parameter IntegralityFocus to value 1
Set parameter TimeLimit to value 7200

Net = 1, Budget = 80, Rate = 0.1


Can Only Remove Victims!

Only 1 PF Point:
PF Point (Victims, Traffickers) = (80, 17)

Set parameter IntegralityFocus to value 1
Set parameter TimeLimit to value 7200
Set parameter IntegralityFocus to value 1
Set parameter TimeLimit to value 7200
Set parameter IntegralityFocus to value 1
Set parameter TimeLimit to value 7200
Set parameter IntegralityFocus to value 1
Set parameter TimeLimit to value 7200

Net = 1, Budget = 80, Rate = 0.4


Can Only Remove Victims!

Only 1 PF Point:
PF Point (Victims, Traffickers) = (80, 17)

Set parameter IntegralityFocus to value 1
Set parameter TimeLimit to value 7200
Set parameter IntegralityFocus to value 1
Set parameter TimeLimit to value 7200
Set parameter IntegralityFocus to value 1
Set parameter TimeLimit to value 7200
Set parameter IntegralityFocus to value 1
Set parameter TimeLimit to value 7200

Net = 1, Budget = 80, Rate = 0.7


Can Only Remove Victims!

Only 1 PF Point:
PF Point (Victims, Traffickers) = (80, 17)

Set parameter IntegralityFocus to value 1
Set parameter TimeLimit to value 7200
Set parameter IntegralityFocus to value 1
Set parameter TimeLimit to value 7200
Set parameter IntegralityFocus to value 1
Set parameter TimeLimit to value 7200
Set parameter IntegralityFocus to value 1
Set parameter TimeLimit to value 7200

Net = 1, Budget = 80, Rate = 1


Can Only Remove Victims!

Only 1 PF Point:
PF Point (Victims, Traffickers) = (80, 17)

Set parameter IntegralityFocus to value 1
Set parameter TimeLimit to value 7200
Set parameter IntegralityFocus to value 1
Set parameter TimeLimit to value 7200
Set parameter IntegralityFocus to value 1
Set parameter TimeLimit to value 7200
Set parameter IntegralityFocus to value 1
Set parameter TimeLimit to value 7200

Net = 1, Budget = 88, Rate = 0.1


Can Only Remove Victims!

Only 1 PF Point:
PF Point (Victims, Traffickers) = (76, 17)

Set parameter IntegralityFocus to value 1
Set parameter TimeLimit to value 7200
Set parameter IntegralityFocus to value 1
Set parameter TimeLimit to value 7200
Set parameter IntegralityFocus to value 1
Set parameter TimeLimit to value 7200
Set parameter IntegralityFocus to value 1
Set parameter TimeLimit to value 7200

Net = 1, Budget = 88, Rate = 0.4


Can Only Remove Victims!

Only 1 PF Point:
PF Point (Victims, Traffickers) = (76, 17)

Set parameter IntegralityFocus to value 1
Set parameter TimeLimit to value 7200
Set parameter IntegralityFocus to value 1
Set parameter TimeLimit to value 7200
Set parameter IntegralityFocus to value 1
Set parameter TimeLimit to value 7200
Set parameter IntegralityFocus to value 1
Set parameter TimeLimit to value 7200

Net = 1, Budget = 88, Rate = 0.7


Can Only Remove Victims!

Only 1 PF Point:
PF Point (Victims, Traffickers) = (76, 17)

Set parameter IntegralityFocus to value 1
Set parameter TimeLimit to value 7200
Set parameter IntegralityFocus to value 1
Set parameter TimeLimit to value 7200
Set parameter IntegralityFocus to value 1
Set parameter TimeLimit to value 7200
Set parameter IntegralityFocus to value 1
Set parameter TimeLimit to value 7200

Net = 1, Budget = 88, Rate = 1


Can Only Remove Victims!

Only 1 PF Point:
PF Point (Victims, Traffickers) = (76, 17)

Set parameter IntegralityFocus to value 1
Set parameter TimeLimit to value 7200
Set parameter IntegralityFocus to value 1
Set parameter TimeLimit to value 7200
Set parameter IntegralityFocus to value 1
Set parameter TimeLimit to value 7200
Set parameter IntegralityFocus to value 1
Set parameter TimeLimit to value 7200

Net = 1, Budget = 96, Rate = 0.1


Can Only Remove Victims!

Only 1 PF Point:
PF Point (Victims, Traffickers) = (72, 17)

Set parameter IntegralityFocus to value 1
Set parameter TimeLimit to value 7200
Set parameter IntegralityFocus to value 1
Set parameter TimeLimit to value 7200
Set parameter IntegralityFocus to value 1
Set parameter TimeLimit to value 7200
Set parameter IntegralityFocus to value 1
Set parameter TimeLimit to value 7200

Net = 1, Budget = 96, Rate = 0.4


Can Only Remove Victims!

Only 1 PF Point:
PF Point (Victims, Traffickers) = (72, 17)

Set parameter IntegralityFocus to value 1
Set parameter TimeLimit to value 7200
Set parameter IntegralityFocus to value 1
Set parameter TimeLimit to value 7200
Set parameter IntegralityFocus to value 1
Set parameter TimeLimit to value 7200
Set parameter IntegralityFocus to value 1
Set parameter TimeLimit to value 7200

Net = 1, Budget = 96, Rate = 0.7


Can Only Remove Victims!

Only 1 PF Point:
PF Point (Victims, Traffickers) = (72, 17)

Set parameter IntegralityFocus to value 1
Set parameter TimeLimit to value 7200
Set parameter IntegralityFocus to value 1
Set parameter TimeLimit to value 7200
Set parameter IntegralityFocus to value 1
Set parameter TimeLimit to value 7200
Set parameter IntegralityFocus to value 1
Set parameter TimeLimit to value 7200

Net = 1, Budget = 96, Rate = 1


Can Only Remove Victims!

Only 1 PF Point:
PF Point (Victims, Traffickers) = (72, 17)

