Set parameter TokenServer to value "license8.clemson.edu"
Set parameter IntegralityFocus to value 1
Set parameter IntegralityFocus to value 1
Set parameter IntegralityFocus to value 1
Set parameter TimeLimit to value 7200
Set parameter IntegralityFocus to value 1

Net = 1, Budget = 64, Rate = 0.1


No Restriction on Interdiction!

Multiple PF Points

PF Point (Victims, Revenue) = (53, 63)

Set parameter IntegralityFocus to value 1

PF Point (Victims, Revenue) = (54, 59)

PF Point (Victims, Revenue) = (55, 58)

Set parameter IntegralityFocus to value 1
Set parameter IntegralityFocus to value 1
Set parameter IntegralityFocus to value 1
Set parameter TimeLimit to value 7200
Set parameter IntegralityFocus to value 1

Net = 1, Budget = 64, Rate = 0.4


No Restriction on Interdiction!

Multiple PF Points

PF Point (Victims, Revenue) = (53, 267)

Set parameter IntegralityFocus to value 1

PF Point (Victims, Revenue) = (54, 253)

PF Point (Victims, Revenue) = (55, 250)

Set parameter IntegralityFocus to value 1
Set parameter IntegralityFocus to value 1
Set parameter IntegralityFocus to value 1
Set parameter TimeLimit to value 7200
Set parameter IntegralityFocus to value 1

Net = 1, Budget = 64, Rate = 0.7


No Restriction on Interdiction!

Multiple PF Points

PF Point (Victims, Revenue) = (53, 468)

Set parameter IntegralityFocus to value 1

PF Point (Victims, Revenue) = (54, 445)

PF Point (Victims, Revenue) = (55, 440)

Set parameter IntegralityFocus to value 1
Set parameter IntegralityFocus to value 1
Set parameter IntegralityFocus to value 1
Set parameter TimeLimit to value 7200
Set parameter IntegralityFocus to value 1

Net = 1, Budget = 64, Rate = 1


No Restriction on Interdiction!

Multiple PF Points

PF Point (Victims, Revenue) = (53, 662)

Set parameter IntegralityFocus to value 1

PF Point (Victims, Revenue) = (54, 643)

PF Point (Victims, Revenue) = (55, 636)

Set parameter IntegralityFocus to value 1
Set parameter IntegralityFocus to value 1
Set parameter IntegralityFocus to value 1
Set parameter TimeLimit to value 7200
Set parameter IntegralityFocus to value 1

Net = 1, Budget = 72, Rate = 0.1


No Restriction on Interdiction!

Multiple PF Points

PF Point (Victims, Revenue) = (46, 63)

Set parameter IntegralityFocus to value 1

PF Point (Victims, Revenue) = (47, 54)

PF Point (Victims, Revenue) = (48, 51)

Set parameter IntegralityFocus to value 1
Set parameter IntegralityFocus to value 1
Set parameter IntegralityFocus to value 1
Set parameter TimeLimit to value 7200
Set parameter IntegralityFocus to value 1

Net = 1, Budget = 72, Rate = 0.4


No Restriction on Interdiction!

Multiple PF Points

PF Point (Victims, Revenue) = (46, 263)

Set parameter IntegralityFocus to value 1

PF Point (Victims, Revenue) = (47, 231)

PF Point (Victims, Revenue) = (48, 220)

Set parameter IntegralityFocus to value 1
Set parameter IntegralityFocus to value 1
Set parameter IntegralityFocus to value 1
Set parameter TimeLimit to value 7200
Set parameter IntegralityFocus to value 1

Net = 1, Budget = 72, Rate = 0.7


No Restriction on Interdiction!

Multiple PF Points

PF Point (Victims, Revenue) = (46, 431)

Set parameter IntegralityFocus to value 1

PF Point (Victims, Revenue) = (47, 406)

PF Point (Victims, Revenue) = (48, 387)

Set parameter IntegralityFocus to value 1
Set parameter IntegralityFocus to value 1
Set parameter IntegralityFocus to value 1
Set parameter TimeLimit to value 7200
Set parameter IntegralityFocus to value 1

Net = 1, Budget = 72, Rate = 1


No Restriction on Interdiction!

Multiple PF Points

PF Point (Victims, Revenue) = (46, 606)

Set parameter IntegralityFocus to value 1

PF Point (Victims, Revenue) = (47, 572)

PF Point (Victims, Revenue) = (48, 559)

Set parameter IntegralityFocus to value 1
Set parameter IntegralityFocus to value 1
Set parameter IntegralityFocus to value 1
Set parameter TimeLimit to value 7200
Set parameter IntegralityFocus to value 1

Net = 1, Budget = 80, Rate = 0.1


No Restriction on Interdiction!

Multiple PF Points

PF Point (Victims, Revenue) = (40, 54)

Set parameter IntegralityFocus to value 1

PF Point (Victims, Revenue) = (41, 46)

PF Point (Victims, Revenue) = (42, 44)

Set parameter IntegralityFocus to value 1
Set parameter IntegralityFocus to value 1
Set parameter IntegralityFocus to value 1
Set parameter TimeLimit to value 7200
Set parameter IntegralityFocus to value 1

Net = 1, Budget = 80, Rate = 0.4


No Restriction on Interdiction!

Multiple PF Points

PF Point (Victims, Revenue) = (40, 227)

Set parameter IntegralityFocus to value 1

PF Point (Victims, Revenue) = (41, 198)

PF Point (Victims, Revenue) = (42, 192)

Set parameter IntegralityFocus to value 1
Set parameter IntegralityFocus to value 1
Set parameter IntegralityFocus to value 1
Set parameter TimeLimit to value 7200
Set parameter IntegralityFocus to value 1

Net = 1, Budget = 80, Rate = 0.7


No Restriction on Interdiction!

Multiple PF Points

PF Point (Victims, Revenue) = (40, 369)

Set parameter IntegralityFocus to value 1

PF Point (Victims, Revenue) = (41, 348)

PF Point (Victims, Revenue) = (42, 337)

Set parameter IntegralityFocus to value 1
Set parameter IntegralityFocus to value 1
Set parameter IntegralityFocus to value 1
Set parameter TimeLimit to value 7200
Set parameter IntegralityFocus to value 1

Net = 1, Budget = 80, Rate = 1


No Restriction on Interdiction!

Multiple PF Points

PF Point (Victims, Revenue) = (40, 516)

Set parameter IntegralityFocus to value 1

PF Point (Victims, Revenue) = (41, 488)

PF Point (Victims, Revenue) = (42, 483)

Set parameter IntegralityFocus to value 1
Set parameter IntegralityFocus to value 1
Set parameter IntegralityFocus to value 1
Set parameter TimeLimit to value 7200
Set parameter IntegralityFocus to value 1

Net = 1, Budget = 88, Rate = 0.1


No Restriction on Interdiction!

Multiple PF Points

PF Point (Victims, Revenue) = (34, 46)

Set parameter IntegralityFocus to value 1

PF Point (Victims, Revenue) = (35, 39)

PF Point (Victims, Revenue) = (36, 38)

Set parameter IntegralityFocus to value 1
Set parameter IntegralityFocus to value 1
Set parameter IntegralityFocus to value 1
Set parameter TimeLimit to value 7200
Set parameter IntegralityFocus to value 1

Net = 1, Budget = 88, Rate = 0.4


No Restriction on Interdiction!

Multiple PF Points

PF Point (Victims, Revenue) = (34, 194)

Set parameter IntegralityFocus to value 1

PF Point (Victims, Revenue) = (35, 170)

PF Point (Victims, Revenue) = (36, 166)

Set parameter IntegralityFocus to value 1
Set parameter IntegralityFocus to value 1
Set parameter IntegralityFocus to value 1
Set parameter TimeLimit to value 7200
Set parameter IntegralityFocus to value 1

Net = 1, Budget = 88, Rate = 0.7


No Restriction on Interdiction!

Multiple PF Points

PF Point (Victims, Revenue) = (34, 311)

Set parameter IntegralityFocus to value 1

PF Point (Victims, Revenue) = (35, 298)

PF Point (Victims, Revenue) = (36, 291)

Set parameter IntegralityFocus to value 1
Set parameter IntegralityFocus to value 1
Set parameter IntegralityFocus to value 1
Set parameter TimeLimit to value 7200
Set parameter IntegralityFocus to value 1

Net = 1, Budget = 88, Rate = 1


No Restriction on Interdiction!

Multiple PF Points

PF Point (Victims, Revenue) = (34, 432)

Set parameter IntegralityFocus to value 1

PF Point (Victims, Revenue) = (35, 416)

PF Point (Victims, Revenue) = (36, 411)

Set parameter IntegralityFocus to value 1
Set parameter IntegralityFocus to value 1
Set parameter IntegralityFocus to value 1
Set parameter TimeLimit to value 7200
Set parameter IntegralityFocus to value 1

Net = 1, Budget = 96, Rate = 0.1


No Restriction on Interdiction!

Multiple PF Points

PF Point (Victims, Revenue) = (28, 39)

Set parameter IntegralityFocus to value 1

PF Point (Victims, Revenue) = (29, 33)

Set parameter IntegralityFocus to value 1

Dominated point!

Set parameter IntegralityFocus to value 1

Dominated point!

PF Point (Victims, Revenue) = (32, 32)

Set parameter IntegralityFocus to value 1
Set parameter IntegralityFocus to value 1
Set parameter IntegralityFocus to value 1
Set parameter TimeLimit to value 7200
Set parameter IntegralityFocus to value 1

Net = 1, Budget = 96, Rate = 0.4


No Restriction on Interdiction!

Multiple PF Points

PF Point (Victims, Revenue) = (28, 166)

Set parameter IntegralityFocus to value 1

PF Point (Victims, Revenue) = (29, 144)

Set parameter IntegralityFocus to value 1

Dominated point!

Set parameter IntegralityFocus to value 1

Dominated point!

PF Point (Victims, Revenue) = (32, 141)

Set parameter IntegralityFocus to value 1
Set parameter IntegralityFocus to value 1
Set parameter IntegralityFocus to value 1
Set parameter TimeLimit to value 7200
Set parameter IntegralityFocus to value 1

Net = 1, Budget = 96, Rate = 0.7


No Restriction on Interdiction!

Multiple PF Points

PF Point (Victims, Revenue) = (28, 261)

Set parameter IntegralityFocus to value 1

PF Point (Victims, Revenue) = (29, 252)

Set parameter IntegralityFocus to value 1

Dominated point!

Set parameter IntegralityFocus to value 1

Dominated point!

PF Point (Victims, Revenue) = (32, 247)

Set parameter IntegralityFocus to value 1
Set parameter IntegralityFocus to value 1
Set parameter IntegralityFocus to value 1
Set parameter TimeLimit to value 7200
Set parameter IntegralityFocus to value 1

Net = 1, Budget = 96, Rate = 1


No Restriction on Interdiction!

Multiple PF Points

PF Point (Victims, Revenue) = (28, 360)

Set parameter IntegralityFocus to value 1

PF Point (Victims, Revenue) = (29, 355)

Set parameter IntegralityFocus to value 1

Dominated point!

Set parameter IntegralityFocus to value 1

PF Point (Victims, Revenue) = (31, 352)

PF Point (Victims, Revenue) = (32, 347)

