Set parameter TokenServer to value "license8.clemson.edu"
Set parameter IntegralityFocus to value 1
Set parameter IntegralityFocus to value 1
Set parameter IntegralityFocus to value 1
Set parameter TimeLimit to value 7200
Set parameter IntegralityFocus to value 1

Net = 1, Budget = 64, Rate = 0.1


Can Only Remove Victims!

Only 1 PF Point:
PF Point (Victims, Revenue) = (88, 128)

Set parameter IntegralityFocus to value 1
Set parameter IntegralityFocus to value 1
Set parameter IntegralityFocus to value 1
Set parameter TimeLimit to value 7200
Set parameter IntegralityFocus to value 1

Net = 1, Budget = 64, Rate = 0.4


Can Only Remove Victims!

Only 1 PF Point:
PF Point (Victims, Revenue) = (88, 416)

Set parameter IntegralityFocus to value 1
Set parameter IntegralityFocus to value 1
Set parameter IntegralityFocus to value 1
Set parameter TimeLimit to value 7200
Set parameter IntegralityFocus to value 1

Net = 1, Budget = 64, Rate = 0.7


Can Only Remove Victims!

Only 1 PF Point:
PF Point (Victims, Revenue) = (88, 687)

Set parameter IntegralityFocus to value 1
Set parameter IntegralityFocus to value 1
Set parameter IntegralityFocus to value 1
Set parameter TimeLimit to value 7200
Set parameter IntegralityFocus to value 1

Net = 1, Budget = 64, Rate = 1


Can Only Remove Victims!

Only 1 PF Point:
PF Point (Victims, Revenue) = (88, 952)

Set parameter IntegralityFocus to value 1
Set parameter IntegralityFocus to value 1
Set parameter IntegralityFocus to value 1
Set parameter TimeLimit to value 7200
Set parameter IntegralityFocus to value 1

Net = 1, Budget = 72, Rate = 0.1


Can Only Remove Victims!

Only 1 PF Point:
PF Point (Victims, Revenue) = (84, 128)

Set parameter IntegralityFocus to value 1
Set parameter IntegralityFocus to value 1
Set parameter IntegralityFocus to value 1
Set parameter TimeLimit to value 7200
Set parameter IntegralityFocus to value 1

Net = 1, Budget = 72, Rate = 0.4


Can Only Remove Victims!

Only 1 PF Point:
PF Point (Victims, Revenue) = (84, 401)

Set parameter IntegralityFocus to value 1
Set parameter IntegralityFocus to value 1
Set parameter IntegralityFocus to value 1
Set parameter TimeLimit to value 7200
Set parameter IntegralityFocus to value 1

Net = 1, Budget = 72, Rate = 0.7


Can Only Remove Victims!

Only 1 PF Point:
PF Point (Victims, Revenue) = (84, 651)

Set parameter IntegralityFocus to value 1
Set parameter IntegralityFocus to value 1
Set parameter IntegralityFocus to value 1
Set parameter TimeLimit to value 7200
Set parameter IntegralityFocus to value 1

Net = 1, Budget = 72, Rate = 1


Can Only Remove Victims!

Only 1 PF Point:
PF Point (Victims, Revenue) = (84, 896)

Set parameter IntegralityFocus to value 1
Set parameter IntegralityFocus to value 1
Set parameter IntegralityFocus to value 1
Set parameter TimeLimit to value 7200
Set parameter IntegralityFocus to value 1

Net = 1, Budget = 80, Rate = 0.1


Can Only Remove Victims!

Only 1 PF Point:
PF Point (Victims, Revenue) = (80, 128)

Set parameter IntegralityFocus to value 1
Set parameter IntegralityFocus to value 1
Set parameter IntegralityFocus to value 1
Set parameter TimeLimit to value 7200
Set parameter IntegralityFocus to value 1

Net = 1, Budget = 80, Rate = 0.4


Can Only Remove Victims!

Only 1 PF Point:
PF Point (Victims, Revenue) = (80, 388)

Set parameter IntegralityFocus to value 1
Set parameter IntegralityFocus to value 1
Set parameter IntegralityFocus to value 1
Set parameter TimeLimit to value 7200
Set parameter IntegralityFocus to value 1

Net = 1, Budget = 80, Rate = 0.7


Can Only Remove Victims!

Only 1 PF Point:
PF Point (Victims, Revenue) = (80, 615)

Set parameter IntegralityFocus to value 1
Set parameter IntegralityFocus to value 1
Set parameter IntegralityFocus to value 1
Set parameter TimeLimit to value 7200
Set parameter IntegralityFocus to value 1

Net = 1, Budget = 80, Rate = 1


Can Only Remove Victims!

Only 1 PF Point:
PF Point (Victims, Revenue) = (80, 840)

Set parameter IntegralityFocus to value 1
Set parameter IntegralityFocus to value 1
Set parameter IntegralityFocus to value 1
Set parameter TimeLimit to value 7200
Set parameter IntegralityFocus to value 1

Net = 1, Budget = 88, Rate = 0.1


Can Only Remove Victims!

Only 1 PF Point:
PF Point (Victims, Revenue) = (76, 128)

Set parameter IntegralityFocus to value 1
Set parameter IntegralityFocus to value 1
Set parameter IntegralityFocus to value 1
Set parameter TimeLimit to value 7200
Set parameter IntegralityFocus to value 1

Net = 1, Budget = 88, Rate = 0.4


Can Only Remove Victims!

Only 1 PF Point:
PF Point (Victims, Revenue) = (76, 371)

Set parameter IntegralityFocus to value 1
Set parameter IntegralityFocus to value 1
Set parameter IntegralityFocus to value 1
Set parameter TimeLimit to value 7200
Set parameter IntegralityFocus to value 1

Net = 1, Budget = 88, Rate = 0.7


Can Only Remove Victims!

Only 1 PF Point:
PF Point (Victims, Revenue) = (76, 584)

Set parameter IntegralityFocus to value 1
Set parameter IntegralityFocus to value 1
Set parameter IntegralityFocus to value 1
Set parameter TimeLimit to value 7200
Set parameter IntegralityFocus to value 1

Net = 1, Budget = 88, Rate = 1


Can Only Remove Victims!

Only 1 PF Point:
PF Point (Victims, Revenue) = (76, 786)

Set parameter IntegralityFocus to value 1
Set parameter IntegralityFocus to value 1
Set parameter IntegralityFocus to value 1
Set parameter TimeLimit to value 7200
Set parameter IntegralityFocus to value 1

Net = 1, Budget = 96, Rate = 0.1


Can Only Remove Victims!

Only 1 PF Point:
PF Point (Victims, Revenue) = (72, 128)

Set parameter IntegralityFocus to value 1
Set parameter IntegralityFocus to value 1
Set parameter IntegralityFocus to value 1
Set parameter TimeLimit to value 7200
Set parameter IntegralityFocus to value 1

Net = 1, Budget = 96, Rate = 0.4


Can Only Remove Victims!

Only 1 PF Point:
PF Point (Victims, Revenue) = (72, 355)

Set parameter IntegralityFocus to value 1
Set parameter IntegralityFocus to value 1
Set parameter IntegralityFocus to value 1
Set parameter TimeLimit to value 7200
Set parameter IntegralityFocus to value 1

Net = 1, Budget = 96, Rate = 0.7


Can Only Remove Victims!

Only 1 PF Point:
PF Point (Victims, Revenue) = (72, 549)

Set parameter IntegralityFocus to value 1
Set parameter IntegralityFocus to value 1
Set parameter IntegralityFocus to value 1
Set parameter TimeLimit to value 7200
Set parameter IntegralityFocus to value 1

Net = 1, Budget = 96, Rate = 1


Can Only Remove Victims!

Only 1 PF Point:
PF Point (Victims, Revenue) = (72, 738)

