Set parameter TokenServer to value "license8.clemson.edu"
Set parameter IntegralityFocus to value 1
Set parameter IntegralityFocus to value 1
Set parameter IntegralityFocus to value 1
Set parameter TimeLimit to value 7200
Set parameter IntegralityFocus to value 1

Net = 1, Budget = 64, Rate = 0.1


Can Only Remove Traffickers!

Multiple PF Points

PF Point (Victims, Revenue) = (53, 63)

Set parameter IntegralityFocus to value 1

PF Point (Victims, Revenue) = (54, 59)

PF Point (Victims, Revenue) = (55, 58)

Set parameter IntegralityFocus to value 1
Set parameter IntegralityFocus to value 1
Set parameter IntegralityFocus to value 1
Set parameter TimeLimit to value 7200
Set parameter IntegralityFocus to value 1

Net = 1, Budget = 64, Rate = 0.4


Can Only Remove Traffickers!

Multiple PF Points

PF Point (Victims, Revenue) = (53, 267)

Set parameter IntegralityFocus to value 1

PF Point (Victims, Revenue) = (54, 253)

PF Point (Victims, Revenue) = (55, 250)

Set parameter IntegralityFocus to value 1
Set parameter IntegralityFocus to value 1
Set parameter IntegralityFocus to value 1
Set parameter TimeLimit to value 7200
Set parameter IntegralityFocus to value 1

Net = 1, Budget = 64, Rate = 0.7


Can Only Remove Traffickers!

Multiple PF Points

PF Point (Victims, Revenue) = (53, 468)

Set parameter IntegralityFocus to value 1

PF Point (Victims, Revenue) = (54, 445)

PF Point (Victims, Revenue) = (55, 440)

Set parameter IntegralityFocus to value 1
Set parameter IntegralityFocus to value 1
Set parameter IntegralityFocus to value 1
Set parameter TimeLimit to value 7200
Set parameter IntegralityFocus to value 1

Net = 1, Budget = 64, Rate = 1


Can Only Remove Traffickers!

Multiple PF Points

PF Point (Victims, Revenue) = (53, 677)

Set parameter IntegralityFocus to value 1

PF Point (Victims, Revenue) = (54, 643)

PF Point (Victims, Revenue) = (55, 636)

Set parameter IntegralityFocus to value 1
Set parameter IntegralityFocus to value 1
Set parameter IntegralityFocus to value 1
Set parameter TimeLimit to value 7200
Set parameter IntegralityFocus to value 1

Net = 1, Budget = 72, Rate = 0.1


Can Only Remove Traffickers!

Only 2 PF Points:
PF Point1 (Victims, Revenue) = (47, 54)
PF Point2 (Victims, Revenue) = (48, 51)

Set parameter IntegralityFocus to value 1
Set parameter IntegralityFocus to value 1
Set parameter IntegralityFocus to value 1
Set parameter TimeLimit to value 7200
Set parameter IntegralityFocus to value 1

Net = 1, Budget = 72, Rate = 0.4


Can Only Remove Traffickers!

Only 2 PF Points:
PF Point1 (Victims, Revenue) = (47, 231)
PF Point2 (Victims, Revenue) = (48, 220)

Set parameter IntegralityFocus to value 1
Set parameter IntegralityFocus to value 1
Set parameter IntegralityFocus to value 1
Set parameter TimeLimit to value 7200
Set parameter IntegralityFocus to value 1

Net = 1, Budget = 72, Rate = 0.7


Can Only Remove Traffickers!

Only 2 PF Points:
PF Point1 (Victims, Revenue) = (47, 406)
PF Point2 (Victims, Revenue) = (48, 387)

Set parameter IntegralityFocus to value 1
Set parameter IntegralityFocus to value 1
Set parameter IntegralityFocus to value 1
Set parameter TimeLimit to value 7200
Set parameter IntegralityFocus to value 1

Net = 1, Budget = 72, Rate = 1


Can Only Remove Traffickers!

Only 2 PF Points:
PF Point1 (Victims, Revenue) = (47, 587)
PF Point2 (Victims, Revenue) = (48, 559)

Set parameter IntegralityFocus to value 1
Set parameter IntegralityFocus to value 1
Set parameter IntegralityFocus to value 1
Set parameter TimeLimit to value 7200
Set parameter IntegralityFocus to value 1

Net = 1, Budget = 80, Rate = 0.1


Can Only Remove Traffickers!

Only 2 PF Points:
PF Point1 (Victims, Revenue) = (41, 46)
PF Point2 (Victims, Revenue) = (42, 44)

Set parameter IntegralityFocus to value 1
Set parameter IntegralityFocus to value 1
Set parameter IntegralityFocus to value 1
Set parameter TimeLimit to value 7200
Set parameter IntegralityFocus to value 1

Net = 1, Budget = 80, Rate = 0.4


Can Only Remove Traffickers!

Only 2 PF Points:
PF Point1 (Victims, Revenue) = (41, 198)
PF Point2 (Victims, Revenue) = (42, 192)

Set parameter IntegralityFocus to value 1
Set parameter IntegralityFocus to value 1
Set parameter IntegralityFocus to value 1
Set parameter TimeLimit to value 7200
Set parameter IntegralityFocus to value 1

Net = 1, Budget = 80, Rate = 0.7


Can Only Remove Traffickers!

Only 2 PF Points:
PF Point1 (Victims, Revenue) = (41, 348)
PF Point2 (Victims, Revenue) = (42, 337)

Set parameter IntegralityFocus to value 1
Set parameter IntegralityFocus to value 1
Set parameter IntegralityFocus to value 1
Set parameter TimeLimit to value 7200
Set parameter IntegralityFocus to value 1

Net = 1, Budget = 80, Rate = 1


Can Only Remove Traffickers!

Only 2 PF Points:
PF Point1 (Victims, Revenue) = (41, 503)
PF Point2 (Victims, Revenue) = (42, 487)

Set parameter IntegralityFocus to value 1
Set parameter IntegralityFocus to value 1
Set parameter IntegralityFocus to value 1
Set parameter TimeLimit to value 7200
Set parameter IntegralityFocus to value 1

Net = 1, Budget = 88, Rate = 0.1


Can Only Remove Traffickers!

Only 2 PF Points:
PF Point1 (Victims, Revenue) = (35, 39)
PF Point2 (Victims, Revenue) = (36, 38)

Set parameter IntegralityFocus to value 1
Set parameter IntegralityFocus to value 1
Set parameter IntegralityFocus to value 1
Set parameter TimeLimit to value 7200
Set parameter IntegralityFocus to value 1

Net = 1, Budget = 88, Rate = 0.4


Can Only Remove Traffickers!

Only 2 PF Points:
PF Point1 (Victims, Revenue) = (35, 170)
PF Point2 (Victims, Revenue) = (36, 166)

Set parameter IntegralityFocus to value 1
Set parameter IntegralityFocus to value 1
Set parameter IntegralityFocus to value 1
Set parameter TimeLimit to value 7200
Set parameter IntegralityFocus to value 1

Net = 1, Budget = 88, Rate = 0.7


Can Only Remove Traffickers!

Only 2 PF Points:
PF Point1 (Victims, Revenue) = (35, 298)
PF Point2 (Victims, Revenue) = (36, 291)

Set parameter IntegralityFocus to value 1
Set parameter IntegralityFocus to value 1
Set parameter IntegralityFocus to value 1
Set parameter TimeLimit to value 7200
Set parameter IntegralityFocus to value 1

Net = 1, Budget = 88, Rate = 1


Can Only Remove Traffickers!

Only 2 PF Points:
PF Point1 (Victims, Revenue) = (35, 431)
PF Point2 (Victims, Revenue) = (36, 421)

Set parameter IntegralityFocus to value 1
Set parameter IntegralityFocus to value 1
Set parameter IntegralityFocus to value 1
Set parameter TimeLimit to value 7200
Set parameter IntegralityFocus to value 1

Net = 1, Budget = 96, Rate = 0.1


Can Only Remove Traffickers!

Multiple PF Points

PF Point (Victims, Revenue) = (29, 33)

Set parameter IntegralityFocus to value 1

Dominated point!

Set parameter IntegralityFocus to value 1

Dominated point!

PF Point (Victims, Revenue) = (32, 32)

Set parameter IntegralityFocus to value 1
Set parameter IntegralityFocus to value 1
Set parameter IntegralityFocus to value 1
Set parameter TimeLimit to value 7200
Set parameter IntegralityFocus to value 1

Net = 1, Budget = 96, Rate = 0.4


Can Only Remove Traffickers!

Multiple PF Points

PF Point (Victims, Revenue) = (29, 144)

Set parameter IntegralityFocus to value 1

Dominated point!

Set parameter IntegralityFocus to value 1

Dominated point!

PF Point (Victims, Revenue) = (32, 141)

Set parameter IntegralityFocus to value 1
Set parameter IntegralityFocus to value 1
Set parameter IntegralityFocus to value 1
Set parameter TimeLimit to value 7200
Set parameter IntegralityFocus to value 1

Net = 1, Budget = 96, Rate = 0.7


Can Only Remove Traffickers!

Multiple PF Points

PF Point (Victims, Revenue) = (29, 252)

Set parameter IntegralityFocus to value 1

Dominated point!

Set parameter IntegralityFocus to value 1

Dominated point!

PF Point (Victims, Revenue) = (32, 247)

Set parameter IntegralityFocus to value 1
Set parameter IntegralityFocus to value 1
Set parameter IntegralityFocus to value 1
Set parameter TimeLimit to value 7200
Set parameter IntegralityFocus to value 1

Net = 1, Budget = 96, Rate = 1


Can Only Remove Traffickers!

Multiple PF Points

PF Point (Victims, Revenue) = (29, 365)

Set parameter IntegralityFocus to value 1

Dominated point!

Set parameter IntegralityFocus to value 1

Dominated point!

PF Point (Victims, Revenue) = (32, 357)

